/home/stass/miniconda3/envs/quast/bin/quast.py /home/stass/ITMO_genome_data_analysis/HW3/step_3/contigs.fasta /home/stass/ITMO_genome_data_analysis/HW3/step_4/contigs.fasta -o /home/stass/ITMO_genome_data_analysis/HW3/step_4/quast_comparison --min-contig 500 -t 16

Version: 5.0.2

System information:
  OS: Linux-6.6.87.2-microsoft-standard-WSL2-x86_64-with-debian-trixie-sid (linux_64)
  Python version: 3.6.15
  CPUs number: 16

Started: 2026-04-13 20:21:35

Logging to /home/stass/ITMO_genome_data_analysis/HW3/step_4/quast_comparison/quast.log

CWD: /home/stass/ITMO_genome_data_analysis/HW3/step_3
Main parameters: 
  MODE: default, threads: 16, minimum contig length: 500, minimum alignment length: 65, \
  ambiguity: one, threshold for extensive misassembly size: 1000

Contigs:
  Pre-processing...
  1  /home/stass/ITMO_genome_data_analysis/HW3/step_3/contigs.fasta ==> step_3_contigs
  2  /home/stass/ITMO_genome_data_analysis/HW3/step_4/contigs.fasta ==> step_4_contigs

2026-04-13 20:21:36
Running Basic statistics processor...
  Contig files: 
    1  step_3_contigs
    2  step_4_contigs
  Calculating N50 and L50...
    1  step_3_contigs, N50 = 105346, L50 = 15, Total length = 5244705, GC % = 50.54, # N's per 100 kbp =  0.00
    2  step_4_contigs, N50 = 816412, L50 = 3, Total length = 5425213, GC % = 50.62, # N's per 100 kbp =  0.00
  Drawing Nx plot...
    saved to /home/stass/ITMO_genome_data_analysis/HW3/step_4/quast_comparison/basic_stats/Nx_plot.pdf
  Drawing cumulative plot...
    saved to /home/stass/ITMO_genome_data_analysis/HW3/step_4/quast_comparison/basic_stats/cumulative_plot.pdf
  Drawing GC content plot...
    saved to /home/stass/ITMO_genome_data_analysis/HW3/step_4/quast_comparison/basic_stats/GC_content_plot.pdf
  Drawing step_3_contigs GC content plot...
    saved to /home/stass/ITMO_genome_data_analysis/HW3/step_4/quast_comparison/basic_stats/step_3_contigs_GC_content_plot.pdf
  Drawing step_4_contigs GC content plot...
    saved to /home/stass/ITMO_genome_data_analysis/HW3/step_4/quast_comparison/basic_stats/step_4_contigs_GC_content_plot.pdf
  Drawing Coverage histogram (bin size: 1x)...
    saved to /home/stass/ITMO_genome_data_analysis/HW3/step_4/quast_comparison/basic_stats/coverage_histogram.pdf
  Drawing step_3_contigs coverage histogram (bin size: 1x)...
    saved to /home/stass/ITMO_genome_data_analysis/HW3/step_4/quast_comparison/basic_stats/step_3_contigs_coverage_histogram.pdf
  Drawing step_4_contigs coverage histogram (bin size: 1x)...
    saved to /home/stass/ITMO_genome_data_analysis/HW3/step_4/quast_comparison/basic_stats/step_4_contigs_coverage_histogram.pdf
Done.

NOTICE: Genes are not predicted by default. Use --gene-finding or --glimmer option to enable it.

2026-04-13 20:21:37
Creating large visual summaries...
This may take a while: press Ctrl-C to skip this step..
  1 of 2: Creating Icarus viewers...
  2 of 2: Creating PDF with all tables and plots...
Done

2026-04-13 20:21:37
RESULTS:
  Text versions of total report are saved to /home/stass/ITMO_genome_data_analysis/HW3/step_4/quast_comparison/report.txt, report.tsv, and report.tex
  Text versions of transposed total report are saved to /home/stass/ITMO_genome_data_analysis/HW3/step_4/quast_comparison/transposed_report.txt, transposed_report.tsv, and transposed_report.tex
  HTML version (interactive tables and plots) is saved to /home/stass/ITMO_genome_data_analysis/HW3/step_4/quast_comparison/report.html
  PDF version (tables and plots) is saved to /home/stass/ITMO_genome_data_analysis/HW3/step_4/quast_comparison/report.pdf
  Icarus (contig browser) is saved to /home/stass/ITMO_genome_data_analysis/HW3/step_4/quast_comparison/icarus.html
  Log is saved to /home/stass/ITMO_genome_data_analysis/HW3/step_4/quast_comparison/quast.log

Finished: 2026-04-13 20:21:38
Elapsed time: 0:00:02.644803
NOTICEs: 1; WARNINGs: 1; non-fatal ERRORs: 0

Thank you for using QUAST!
