Discrepancy Report Results

Summary
DISC_SOURCE_QUALS_ASNDISC:strain (all present, all unique)
DISC_SOURCE_QUALS_ASNDISC:taxname (all present, all unique)
DISC_FEATURE_COUNT:gene: 9 present
DISC_FEATURE_COUNT:CDS: 9 present
DISC_COUNT_NUCLEOTIDES:1 nucleotide Bioseqs are present
OVERLAPPING_GENES:2 genes overlap another gene on the same strand.
DISC_QUALITY_SCORES:Quality scores are missing on all sequences.
DISC_BAD_BACTERIAL_GENE_NAME:7 bacterial genes do not start with lowercase letters
ONCALLER_COMMENT_PRESENT:1 comment descriptors were found (all same)
SHORT_PROT_SEQUENCES:1 protein sequences are shorter than 50 aa.
MISSING_GENOMEASSEMBLY_COMMENTS:1 bioseqs are missing GenomeAssembly structured comments
MOLTYPE_NOT_MRNA:1 molecule types are not set as mRNA.
TECHNIQUE_NOT_TSA:1 technique are not set as TSA
MISSING_STRUCTURED_COMMENT:1 sequences do not include structured comments.
MISSING_PROJECT:10 sequences do not include project.
DISC_INCONSISTENT_MOLINFO_TECH:Molinfo Technique Report (some missing, all same)


Detailed Report

DiscRep_ALL:DISC_SOURCE_QUALS_ASNDISC::strain (all present, all unique)
DiscRep_SUB:DISC_SOURCE_QUALS_ASNDISC::1 sources have unique values for strain
DiscRep_ALL:DISC_SOURCE_QUALS_ASNDISC::taxname (all present, all unique)
DiscRep_SUB:DISC_SOURCE_QUALS_ASNDISC::1 sources have unique values for taxname
DiscRep_ALL:DISC_FEATURE_COUNT::gene: 9 present
DiscRep_ALL:DISC_FEATURE_COUNT::CDS: 9 present
DiscRep_ALL:DISC_COUNT_NUCLEOTIDES::1 nucleotide Bioseqs are present
prokka_output/viral_annotation:X:NPPGHODM_1 (length 29268)

DiscRep_ALL:OVERLAPPING_GENES::2 genes overlap another gene on the same strand.
prokka_output/viral_annotation:Gene	7b	NPPGHODM_1:c1778-1647	NPPGHODM_00003
prokka_output/viral_annotation:Gene	7a	NPPGHODM_1:c2140-1775	NPPGHODM_00004

DiscRep_ALL:DISC_QUALITY_SCORES::Quality scores are missing on all sequences.

DiscRep_ALL:DISC_BAD_BACTERIAL_GENE_NAME::7 bacterial genes do not start with lowercase letters
prokka_output/viral_annotation:Gene	N	NPPGHODM_1:c1260-1	NPPGHODM_00001
prokka_output/viral_annotation:Gene	8	NPPGHODM_1:c1640-1275	NPPGHODM_00002
prokka_output/viral_annotation:Gene	7b	NPPGHODM_1:c1778-1647	NPPGHODM_00003
prokka_output/viral_annotation:Gene	7a	NPPGHODM_1:c2140-1775	NPPGHODM_00004
prokka_output/viral_annotation:Gene	M	NPPGHODM_1:c3011-2343	NPPGHODM_00005
prokka_output/viral_annotation:Gene	3a	NPPGHODM_1:c4141-3314	NPPGHODM_00006
prokka_output/viral_annotation:Gene	S	NPPGHODM_1:c7971-4150	NPPGHODM_00007

DiscRep_ALL:ONCALLER_COMMENT_PRESENT::1 comment descriptors were found (all same)
prokka_output/viral_annotation:X:NPPGHODM_1:Annotated using prokka 1.15.6 from https://github.com/tseemann/prokka

DiscRep_ALL:SHORT_PROT_SEQUENCES::1 protein sequences are shorter than 50 aa.
prokka_output/viral_annotation:X:NPPGHODM_00003 (length 43)

DiscRep_ALL:MISSING_GENOMEASSEMBLY_COMMENTS::1 bioseqs are missing GenomeAssembly structured comments
prokka_output/viral_annotation:X:NPPGHODM_1 (length 29268)

DiscRep_ALL:MOLTYPE_NOT_MRNA::1 molecule types are not set as mRNA.
prokka_output/viral_annotation:X:NPPGHODM_1 (length 29268)

DiscRep_ALL:TECHNIQUE_NOT_TSA::1 technique are not set as TSA
prokka_output/viral_annotation:X:NPPGHODM_1 (length 29268)

DiscRep_ALL:MISSING_STRUCTURED_COMMENT::1 sequences do not include structured comments.
prokka_output/viral_annotation:X:NPPGHODM_1 (length 29268)

DiscRep_ALL:MISSING_PROJECT::10 sequences do not include project.
prokka_output/viral_annotation:X:NPPGHODM_1 (length 29268)
prokka_output/viral_annotation:X:NPPGHODM_00001 (length 419)
prokka_output/viral_annotation:X:NPPGHODM_00002 (length 121)
prokka_output/viral_annotation:X:NPPGHODM_00003 (length 43)
prokka_output/viral_annotation:X:NPPGHODM_00004 (length 121)
prokka_output/viral_annotation:X:NPPGHODM_00005 (length 222)
prokka_output/viral_annotation:X:NPPGHODM_00006 (length 275)
prokka_output/viral_annotation:X:NPPGHODM_00007 (length 1273)
prokka_output/viral_annotation:X:NPPGHODM_00008 (length 2595)
prokka_output/viral_annotation:X:NPPGHODM_00009 (length 4405)

DiscRep_ALL:DISC_INCONSISTENT_MOLINFO_TECH::Molinfo Technique Report (some missing, all same)
DiscRep_SUB:DISC_INCONSISTENT_MOLINFO_TECH::technique (all missing)
DiscRep_SUB:DISC_INCONSISTENT_MOLINFO_TECH::1 Molinfos are missing field technique
prokka_output/viral_annotation:X:NPPGHODM_1 (length 29268)

